# JRE version: OpenJDK Runtime Environment (8.0_352-b08) (build 1.8.0_352-8u352-ga-1~18.04-b08)
# Java VM: OpenJDK 64-Bit Server VM (25.352-b08 mixed mode linux-amd64 compressed oops)
Heap:
 PSYoungGen      total 325120K, used 2102K [0x00000000d6780000, 0x00000000eb980000, 0x0000000100000000)
  eden space 314880K, 0% used [0x00000000d6780000,0x00000000d6780000,0x00000000e9b00000)
  from space 10240K, 20% used [0x00000000ea580000,0x00000000ea78d8a0,0x00000000eaf80000)
  to   space 6144K, 0% used [0x00000000eb380000,0x00000000eb380000,0x00000000eb980000)
 ParOldGen       total 72192K, used 10837K [0x0000000083600000, 0x0000000087c80000, 0x00000000d6780000)
  object space 72192K, 15% used [0x0000000083600000,0x00000000840955a0,0x0000000087c80000)
 Metaspace       used 37719K, capacity 38198K, committed 38616K, reserved 1083392K
  class space    used 4371K, capacity 4489K, committed 4608K, reserved 1048576K
GC Heap History (10 events):
Event: 11682.540 GC heap after
Heap after GC invocations=6 (full 1):
 PSYoungGen      total 136192K, used 5118K [0x00000000d6780000, 0x00000000e5400000, 0x0000000100000000)
  eden space 131072K, 0% used [0x00000000d6780000,0x00000000d6780000,0x00000000de780000)
  from space 5120K, 99% used [0x00000000de780000,0x00000000dec7fbd0,0x00000000dec80000)
  to   space 10752K, 0% used [0x00000000e4980000,0x00000000e4980000,0x00000000e5400000)
 ParOldGen       total 54272K, used 10178K [0x0000000083600000, 0x0000000086b00000, 0x00000000d6780000)
  object space 54272K, 18% used [0x0000000083600000,0x0000000083ff0818,0x0000000086b00000)
 Metaspace       used 30064K, capacity 30454K, committed 30720K, reserved 1077248K
  class space    used 3662K, capacity 3803K, committed 3840K, reserved 1048576K
}
Event: 39510.288 GC heap before
{Heap before GC invocations=7 (full 1):
 PSYoungGen      total 136192K, used 136190K [0x00000000d6780000, 0x00000000e5400000, 0x0000000100000000)
  eden space 131072K, 100% used [0x00000000d6780000,0x00000000de780000,0x00000000de780000)
  from space 5120K, 99% used [0x00000000de780000,0x00000000dec7fbd0,0x00000000dec80000)
  to   space 10752K, 0% used [0x00000000e4980000,0x00000000e4980000,0x00000000e5400000)
 ParOldGen       total 54272K, used 10178K [0x0000000083600000, 0x0000000086b00000, 0x00000000d6780000)
  object space 54272K, 18% used [0x0000000083600000,0x0000000083ff0818,0x0000000086b00000)
 Metaspace       used 30336K, capacity 30728K, committed 30976K, reserved 1077248K
  class space    used 3674K, capacity 3806K, committed 3840K, reserved 1048576K
Event: 39510.299 GC heap after
Heap after GC invocations=7 (full 1):
 PSYoungGen      total 215552K, used 2924K [0x00000000d6780000, 0x00000000e4c80000, 0x0000000100000000)
  eden space 212480K, 0% used [0x00000000d6780000,0x00000000d6780000,0x00000000e3700000)
  from space 3072K, 95% used [0x00000000e4980000,0x00000000e4c5b280,0x00000000e4c80000)
  to   space 10752K, 0% used [0x00000000e3780000,0x00000000e3780000,0x00000000e4200000)
 ParOldGen       total 54272K, used 10186K [0x0000000083600000, 0x0000000086b00000, 0x00000000d6780000)
  object space 54272K, 18% used [0x0000000083600000,0x0000000083ff2818,0x0000000086b00000)
 Metaspace       used 30336K, capacity 30728K, committed 30976K, reserved 1077248K
  class space    used 3674K, capacity 3806K, committed 3840K, reserved 1048576K
}
Event: 79187.654 GC heap before
{Heap before GC invocations=8 (full 1):
 PSYoungGen      total 215552K, used 215404K [0x00000000d6780000, 0x00000000e4c80000, 0x0000000100000000)
  eden space 212480K, 100% used [0x00000000d6780000,0x00000000e3700000,0x00000000e3700000)
  from space 3072K, 95% used [0x00000000e4980000,0x00000000e4c5b280,0x00000000e4c80000)
  to   space 10752K, 0% used [0x00000000e3780000,0x00000000e3780000,0x00000000e4200000)
 ParOldGen       total 54272K, used 10186K [0x0000000083600000, 0x0000000086b00000, 0x00000000d6780000)
  object space 54272K, 18% used [0x0000000083600000,0x0000000083ff2818,0x0000000086b00000)
 Metaspace       used 31687K, capacity 32236K, committed 32384K, reserved 1077248K
  class space    used 3737K, capacity 3896K, committed 3968K, reserved 1048576K
Event: 79187.671 GC heap after
Heap after GC invocations=8 (full 1):
 PSYoungGen      total 223744K, used 3910K [0x00000000d6780000, 0x00000000ebe00000, 0x0000000100000000)
  eden space 212992K, 0% used [0x00000000d6780000,0x00000000d6780000,0x00000000e3780000)
  from space 10752K, 36% used [0x00000000e3780000,0x00000000e3b51a80,0x00000000e4200000)
  to   space 10752K, 0% used [0x00000000eb380000,0x00000000eb380000,0x00000000ebe00000)
 ParOldGen       total 54272K, used 10194K [0x0000000083600000, 0x0000000086b00000, 0x00000000d6780000)
  object space 54272K, 18% used [0x0000000083600000,0x0000000083ff4818,0x0000000086b00000)
 Metaspace       used 31687K, capacity 32236K, committed 32384K, reserved 1077248K
  class space    used 3737K, capacity 3896K, committed 3968K, reserved 1048576K
}
Event: 81189.366 GC heap before
{Heap before GC invocations=9 (full 1):
 PSYoungGen      total 223744K, used 38915K [0x00000000d6780000, 0x00000000ebe00000, 0x0000000100000000)
  eden space 212992K, 16% used [0x00000000d6780000,0x00000000d89af508,0x00000000e3780000)
  from space 10752K, 36% used [0x00000000e3780000,0x00000000e3b51a80,0x00000000e4200000)
  to   space 10752K, 0% used [0x00000000eb380000,0x00000000eb380000,0x00000000ebe00000)
 ParOldGen       total 54272K, used 10194K [0x0000000083600000, 0x0000000086b00000, 0x00000000d6780000)
  object space 54272K, 18% used [0x0000000083600000,0x0000000083ff4818,0x0000000086b00000)
 Metaspace       used 34812K, capacity 35324K, committed 35416K, reserved 1081344K
  class space    used 4070K, capacity 4192K, committed 4224K, reserved 1048576K
Event: 81189.384 GC heap after
Heap after GC invocations=9 (full 1):
 PSYoungGen      total 321024K, used 6033K [0x00000000d6780000, 0x00000000eb980000, 0x0000000100000000)
  eden space 314880K, 0% used [0x00000000d6780000,0x00000000d6780000,0x00000000e9b00000)
  from space 6144K, 98% used [0x00000000eb380000,0x00000000eb964528,0x00000000eb980000)
  to   space 10240K, 0% used [0x00000000ea580000,0x00000000ea580000,0x00000000eaf80000)
 ParOldGen       total 54272K, used 10202K [0x0000000083600000, 0x0000000086b00000, 0x00000000d6780000)
  object space 54272K, 18% used [0x0000000083600000,0x0000000083ff6818,0x0000000086b00000)
 Metaspace       used 34812K, capacity 35324K, committed 35416K, reserved 1081344K
  class space    used 4070K, capacity 4192K, committed 4224K, reserved 1048576K
}
Event: 81189.385 GC heap before
{Heap before GC invocations=10 (full 2):
 PSYoungGen      total 321024K, used 6033K [0x00000000d6780000, 0x00000000eb980000, 0x0000000100000000)
  eden space 314880K, 0% used [0x00000000d6780000,0x00000000d6780000,0x00000000e9b00000)
  from space 6144K, 98% used [0x00000000eb380000,0x00000000eb964528,0x00000000eb980000)
  to   space 10240K, 0% used [0x00000000ea580000,0x00000000ea580000,0x00000000eaf80000)
 ParOldGen       total 54272K, used 10202K [0x0000000083600000, 0x0000000086b00000, 0x00000000d6780000)
  object space 54272K, 18% used [0x0000000083600000,0x0000000083ff6818,0x0000000086b00000)
 Metaspace       used 34812K, capacity 35324K, committed 35416K, reserved 1081344K
  class space    used 4070K, capacity 4192K, committed 4224K, reserved 1048576K
Event: 81189.517 GC heap after
Heap after GC invocations=10 (full 2):
 PSYoungGen      total 321024K, used 0K [0x00000000d6780000, 0x00000000eb980000, 0x0000000100000000)
  eden space 314880K, 0% used [0x00000000d6780000,0x00000000d6780000,0x00000000e9b00000)
  from space 6144K, 0% used [0x00000000eb380000,0x00000000eb380000,0x00000000eb980000)
  to   space 10240K, 0% used [0x00000000ea580000,0x00000000ea580000,0x00000000eaf80000)
 ParOldGen       total 72192K, used 10837K [0x0000000083600000, 0x0000000087c80000, 0x00000000d6780000)
  object space 72192K, 15% used [0x0000000083600000,0x00000000840955a0,0x0000000087c80000)
 Metaspace       used 34547K, capacity 34772K, committed 35416K, reserved 1081344K
  class space    used 4017K, capacity 4096K, committed 4224K, reserved 1048576K
}
Event: 142162.142 GC heap before
{Heap before GC invocations=11 (full 2):
 PSYoungGen      total 321024K, used 314880K [0x00000000d6780000, 0x00000000eb980000, 0x0000000100000000)
  eden space 314880K, 100% used [0x00000000d6780000,0x00000000e9b00000,0x00000000e9b00000)
  from space 6144K, 0% used [0x00000000eb380000,0x00000000eb380000,0x00000000eb980000)
  to   space 10240K, 0% used [0x00000000ea580000,0x00000000ea580000,0x00000000eaf80000)
 ParOldGen       total 72192K, used 10837K [0x0000000083600000, 0x0000000087c80000, 0x00000000d6780000)
  object space 72192K, 15% used [0x0000000083600000,0x00000000840955a0,0x0000000087c80000)
 Metaspace       used 37719K, capacity 38198K, committed 38616K, reserved 1083392K
  class space    used 4371K, capacity 4489K, committed 4608K, reserved 1048576K

