# JRE version: OpenJDK Runtime Environment (8.0_352-b08) (build 1.8.0_352-8u352-ga-1~18.04-b08)
# Java VM: OpenJDK 64-Bit Server VM (25.352-b08 mixed mode linux-amd64 compressed oops)
Heap:
 PSYoungGen      total 137216K, used 5296K [0x00000000d6780000, 0x00000000df480000, 0x0000000100000000)
  eden space 130560K, 0% used [0x00000000d6780000,0x00000000d6780000,0x00000000de700000)
  from space 6656K, 79% used [0x00000000de700000,0x00000000dec2c030,0x00000000ded80000)
  to   space 6144K, 0% used [0x00000000ded80000,0x00000000ded80000,0x00000000df380000)
 ParOldGen       total 86016K, used 2905K [0x0000000083600000, 0x0000000088a00000, 0x00000000d6780000)
  object space 86016K, 3% used [0x0000000083600000,0x00000000838d65a8,0x0000000088a00000)
 Metaspace       used 14787K, capacity 15280K, committed 15360K, reserved 1062912K
  class space    used 1882K, capacity 2032K, committed 2048K, reserved 1048576K
GC Heap History (10 events):
Event: 1.222 GC heap after
Heap after GC invocations=2 (full 0):
 PSYoungGen      total 37888K, used 3875K [0x00000000d6780000, 0x00000000db180000, 0x0000000100000000)
  eden space 32768K, 0% used [0x00000000d6780000,0x00000000d6780000,0x00000000d8780000)
  from space 5120K, 75% used [0x00000000d8c80000,0x00000000d9048c38,0x00000000d9180000)
  to   space 5120K, 0% used [0x00000000d8780000,0x00000000d8780000,0x00000000d8c80000)
 ParOldGen       total 86016K, used 24K [0x0000000083600000, 0x0000000088a00000, 0x00000000d6780000)
  object space 86016K, 0% used [0x0000000083600000,0x0000000083606000,0x0000000088a00000)
 Metaspace       used 7133K, capacity 7360K, committed 7552K, reserved 1056768K
  class space    used 738K, capacity 816K, committed 896K, reserved 1048576K
}
Event: 1.522 GC heap before
{Heap before GC invocations=3 (full 0):
 PSYoungGen      total 37888K, used 36643K [0x00000000d6780000, 0x00000000db180000, 0x0000000100000000)
  eden space 32768K, 100% used [0x00000000d6780000,0x00000000d8780000,0x00000000d8780000)
  from space 5120K, 75% used [0x00000000d8c80000,0x00000000d9048c38,0x00000000d9180000)
  to   space 5120K, 0% used [0x00000000d8780000,0x00000000d8780000,0x00000000d8c80000)
 ParOldGen       total 86016K, used 24K [0x0000000083600000, 0x0000000088a00000, 0x00000000d6780000)
  object space 86016K, 0% used [0x0000000083600000,0x0000000083606000,0x0000000088a00000)
 Metaspace       used 8135K, capacity 8378K, committed 8448K, reserved 1056768K
  class space    used 873K, capacity 961K, committed 1024K, reserved 1048576K
Event: 1.529 GC heap after
Heap after GC invocations=3 (full 0):
 PSYoungGen      total 37888K, used 3939K [0x00000000d6780000, 0x00000000db180000, 0x0000000100000000)
  eden space 32768K, 0% used [0x00000000d6780000,0x00000000d6780000,0x00000000d8780000)
  from space 5120K, 76% used [0x00000000d8780000,0x00000000d8b58c58,0x00000000d8c80000)
  to   space 5120K, 0% used [0x00000000dac80000,0x00000000dac80000,0x00000000db180000)
 ParOldGen       total 86016K, used 32K [0x0000000083600000, 0x0000000088a00000, 0x00000000d6780000)
  object space 86016K, 0% used [0x0000000083600000,0x0000000083608000,0x0000000088a00000)
 Metaspace       used 8135K, capacity 8378K, committed 8448K, reserved 1056768K
  class space    used 873K, capacity 961K, committed 1024K, reserved 1048576K
}
Event: 1.661 GC heap before
{Heap before GC invocations=4 (full 0):
 PSYoungGen      total 37888K, used 36707K [0x00000000d6780000, 0x00000000db180000, 0x0000000100000000)
  eden space 32768K, 100% used [0x00000000d6780000,0x00000000d8780000,0x00000000d8780000)
  from space 5120K, 76% used [0x00000000d8780000,0x00000000d8b58c58,0x00000000d8c80000)
  to   space 5120K, 0% used [0x00000000dac80000,0x00000000dac80000,0x00000000db180000)
 ParOldGen       total 86016K, used 32K [0x0000000083600000, 0x0000000088a00000, 0x00000000d6780000)
  object space 86016K, 0% used [0x0000000083600000,0x0000000083608000,0x0000000088a00000)
 Metaspace       used 9099K, capacity 9336K, committed 9600K, reserved 1058816K
  class space    used 1022K, capacity 1130K, committed 1152K, reserved 1048576K
Event: 1.671 GC heap after
Heap after GC invocations=4 (full 0):
 PSYoungGen      total 70656K, used 4787K [0x00000000d6780000, 0x00000000db180000, 0x0000000100000000)
  eden space 65536K, 0% used [0x00000000d6780000,0x00000000d6780000,0x00000000da780000)
  from space 5120K, 93% used [0x00000000dac80000,0x00000000db12cc48,0x00000000db180000)
  to   space 5120K, 0% used [0x00000000da780000,0x00000000da780000,0x00000000dac80000)
 ParOldGen       total 86016K, used 40K [0x0000000083600000, 0x0000000088a00000, 0x00000000d6780000)
  object space 86016K, 0% used [0x0000000083600000,0x000000008360a000,0x0000000088a00000)
 Metaspace       used 9099K, capacity 9336K, committed 9600K, reserved 1058816K
  class space    used 1022K, capacity 1130K, committed 1152K, reserved 1048576K
}
Event: 1.992 GC heap before
{Heap before GC invocations=5 (full 0):
 PSYoungGen      total 70656K, used 70323K [0x00000000d6780000, 0x00000000db180000, 0x0000000100000000)
  eden space 65536K, 100% used [0x00000000d6780000,0x00000000da780000,0x00000000da780000)
  from space 5120K, 93% used [0x00000000dac80000,0x00000000db12cc48,0x00000000db180000)
  to   space 5120K, 0% used [0x00000000da780000,0x00000000da780000,0x00000000dac80000)
 ParOldGen       total 86016K, used 40K [0x0000000083600000, 0x0000000088a00000, 0x00000000d6780000)
  object space 86016K, 0% used [0x0000000083600000,0x000000008360a000,0x0000000088a00000)
 Metaspace       used 10845K, capacity 11164K, committed 11392K, reserved 1058816K
  class space    used 1220K, capacity 1332K, committed 1408K, reserved 1048576K
Event: 2.038 GC heap after
Heap after GC invocations=5 (full 0):
 PSYoungGen      total 70656K, used 5118K [0x00000000d6780000, 0x00000000df380000, 0x0000000100000000)
  eden space 65536K, 0% used [0x00000000d6780000,0x00000000d6780000,0x00000000da780000)
  from space 5120K, 99% used [0x00000000da780000,0x00000000dac7fbb0,0x00000000dac80000)
  to   space 6144K, 0% used [0x00000000ded80000,0x00000000ded80000,0x00000000df380000)
 ParOldGen       total 86016K, used 480K [0x0000000083600000, 0x0000000088a00000, 0x00000000d6780000)
  object space 86016K, 0% used [0x0000000083600000,0x0000000083678000,0x0000000088a00000)
 Metaspace       used 10845K, capacity 11164K, committed 11392K, reserved 1058816K
  class space    used 1220K, capacity 1332K, committed 1408K, reserved 1048576K
}
Event: 2.342 GC heap before
{Heap before GC invocations=6 (full 0):
 PSYoungGen      total 70656K, used 70654K [0x00000000d6780000, 0x00000000df380000, 0x0000000100000000)
  eden space 65536K, 100% used [0x00000000d6780000,0x00000000da780000,0x00000000da780000)
  from space 5120K, 99% used [0x00000000da780000,0x00000000dac7fbb0,0x00000000dac80000)
  to   space 6144K, 0% used [0x00000000ded80000,0x00000000ded80000,0x00000000df380000)
 ParOldGen       total 86016K, used 480K [0x0000000083600000, 0x0000000088a00000, 0x00000000d6780000)
  object space 86016K, 0% used [0x0000000083600000,0x0000000083678000,0x0000000088a00000)
 Metaspace       used 13347K, capacity 13718K, committed 13824K, reserved 1060864K
  class space    used 1611K, capacity 1743K, committed 1792K, reserved 1048576K
Event: 2.355 GC heap after
Heap after GC invocations=6 (full 0):
 PSYoungGen      total 136704K, used 6036K [0x00000000d6780000, 0x00000000df480000, 0x0000000100000000)
  eden space 130560K, 0% used [0x00000000d6780000,0x00000000d6780000,0x00000000de700000)
  from space 6144K, 98% used [0x00000000ded80000,0x00000000df3650d8,0x00000000df380000)
  to   space 6656K, 0% used [0x00000000de700000,0x00000000de700000,0x00000000ded80000)
 ParOldGen       total 86016K, used 488K [0x0000000083600000, 0x0000000088a00000, 0x00000000d6780000)
  object space 86016K, 0% used [0x0000000083600000,0x000000008367a000,0x0000000088a00000)
 Metaspace       used 13347K, capacity 13718K, committed 13824K, reserved 1060864K
  class space    used 1611K, capacity 1743K, committed 1792K, reserved 1048576K
}
Event: 2.726 GC heap before
{Heap before GC invocations=7 (full 0):
 PSYoungGen      total 136704K, used 136596K [0x00000000d6780000, 0x00000000df480000, 0x0000000100000000)
  eden space 130560K, 100% used [0x00000000d6780000,0x00000000de700000,0x00000000de700000)
  from space 6144K, 98% used [0x00000000ded80000,0x00000000df3650d8,0x00000000df380000)
  to   space 6656K, 0% used [0x00000000de700000,0x00000000de700000,0x00000000ded80000)
 ParOldGen       total 86016K, used 488K [0x0000000083600000, 0x0000000088a00000, 0x00000000d6780000)
  object space 86016K, 0% used [0x0000000083600000,0x000000008367a000,0x0000000088a00000)
 Metaspace       used 14787K, capacity 15280K, committed 15360K, reserved 1062912K
  class space    used 1882K, capacity 2032K, committed 2048K, reserved 1048576K

