# JRE version: OpenJDK Runtime Environment (8.0_352-b08) (build 1.8.0_352-8u352-ga-1~18.04-b08)
# Java VM: OpenJDK 64-Bit Server VM (25.352-b08 mixed mode linux-amd64 compressed oops)
Heap:
 PSYoungGen      total 399360K, used 10240K [0x00000000d6780000, 0x00000000f0f00000, 0x0000000100000000)
  eden space 389120K, 0% used [0x00000000d6780000,0x00000000d6780000,0x00000000ee380000)
  from space 10240K, 100% used [0x00000000efb00000,0x00000000f0500000,0x00000000f0500000)
  to   space 8704K, 0% used [0x00000000f0680000,0x00000000f0680000,0x00000000f0f00000)
 ParOldGen       total 46080K, used 32410K [0x0000000083600000, 0x0000000086300000, 0x00000000d6780000)
  object space 46080K, 70% used [0x0000000083600000,0x00000000855a68b0,0x0000000086300000)
 Metaspace       used 28557K, capacity 29624K, committed 29824K, reserved 1075200K
  class space    used 3663K, capacity 3906K, committed 3968K, reserved 1048576K
GC Heap History (10 events):
Event: 3.447 GC heap after
Heap after GC invocations=7 (full 0):
 PSYoungGen      total 137216K, used 5440K [0x00000000d6780000, 0x00000000e7480000, 0x0000000100000000)
  eden space 130560K, 0% used [0x00000000d6780000,0x00000000d6780000,0x00000000de700000)
  from space 6656K, 81% used [0x00000000de700000,0x00000000dec50000,0x00000000ded80000)
  to   space 7168K, 0% used [0x00000000e6d80000,0x00000000e6d80000,0x00000000e7480000)
 ParOldGen       total 86016K, used 2966K [0x0000000083600000, 0x0000000088a00000, 0x00000000d6780000)
  object space 86016K, 3% used [0x0000000083600000,0x00000000838e5bf0,0x0000000088a00000)
 Metaspace       used 15026K, capacity 15486K, committed 15616K, reserved 1062912K
  class space    used 1891K, capacity 2033K, committed 2048K, reserved 1048576K
}
Event: 3.960 GC heap before
{Heap before GC invocations=8 (full 0):
 PSYoungGen      total 137216K, used 124642K [0x00000000d6780000, 0x00000000e7480000, 0x0000000100000000)
  eden space 130560K, 91% used [0x00000000d6780000,0x00000000ddbe8900,0x00000000de700000)
  from space 6656K, 81% used [0x00000000de700000,0x00000000dec50000,0x00000000ded80000)
  to   space 7168K, 0% used [0x00000000e6d80000,0x00000000e6d80000,0x00000000e7480000)
 ParOldGen       total 86016K, used 2966K [0x0000000083600000, 0x0000000088a00000, 0x00000000d6780000)
  object space 86016K, 3% used [0x0000000083600000,0x00000000838e5bf0,0x0000000088a00000)
 Metaspace       used 20521K, capacity 21086K, committed 21504K, reserved 1069056K
  class space    used 2555K, capacity 2699K, committed 2816K, reserved 1048576K
Event: 4.062 GC heap after
Heap after GC invocations=8 (full 0):
 PSYoungGen      total 267264K, used 7165K [0x00000000d6780000, 0x00000000e7680000, 0x0000000100000000)
  eden space 260096K, 0% used [0x00000000d6780000,0x00000000d6780000,0x00000000e6580000)
  from space 7168K, 99% used [0x00000000e6d80000,0x00000000e747f5f8,0x00000000e7480000)
  to   space 8192K, 0% used [0x00000000e6580000,0x00000000e6580000,0x00000000e6d80000)
 ParOldGen       total 86016K, used 4174K [0x0000000083600000, 0x0000000088a00000, 0x00000000d6780000)
  object space 86016K, 4% used [0x0000000083600000,0x0000000083a13a30,0x0000000088a00000)
 Metaspace       used 20521K, capacity 21086K, committed 21504K, reserved 1069056K
  class space    used 2555K, capacity 2699K, committed 2816K, reserved 1048576K
}
Event: 4.161 GC heap before
{Heap before GC invocations=9 (full 0):
 PSYoungGen      total 267264K, used 17159K [0x00000000d6780000, 0x00000000e7680000, 0x0000000100000000)
  eden space 260096K, 3% used [0x00000000d6780000,0x00000000d7142960,0x00000000e6580000)
  from space 7168K, 99% used [0x00000000e6d80000,0x00000000e747f5f8,0x00000000e7480000)
  to   space 8192K, 0% used [0x00000000e6580000,0x00000000e6580000,0x00000000e6d80000)
 ParOldGen       total 86016K, used 4174K [0x0000000083600000, 0x0000000088a00000, 0x00000000d6780000)
  object space 86016K, 4% used [0x0000000083600000,0x0000000083a13a30,0x0000000088a00000)
 Metaspace       used 20872K, capacity 21406K, committed 21628K, reserved 1069056K
  class space    used 2615K, capacity 2763K, committed 2816K, reserved 1048576K
Event: 4.170 GC heap after
Heap after GC invocations=9 (full 0):
 PSYoungGen      total 268288K, used 2272K [0x00000000d6780000, 0x00000000f0f00000, 0x0000000100000000)
  eden space 260096K, 0% used [0x00000000d6780000,0x00000000d6780000,0x00000000e6580000)
  from space 8192K, 27% used [0x00000000e6580000,0x00000000e67b8020,0x00000000e6d80000)
  to   space 8704K, 0% used [0x00000000f0680000,0x00000000f0680000,0x00000000f0f00000)
 ParOldGen       total 86016K, used 5270K [0x0000000083600000, 0x0000000088a00000, 0x00000000d6780000)
  object space 86016K, 6% used [0x0000000083600000,0x0000000083b25a30,0x0000000088a00000)
 Metaspace       used 20872K, capacity 21406K, committed 21628K, reserved 1069056K
  class space    used 2615K, capacity 2763K, committed 2816K, reserved 1048576K
}
Event: 4.170 GC heap before
{Heap before GC invocations=10 (full 1):
 PSYoungGen      total 268288K, used 2272K [0x00000000d6780000, 0x00000000f0f00000, 0x0000000100000000)
  eden space 260096K, 0% used [0x00000000d6780000,0x00000000d6780000,0x00000000e6580000)
  from space 8192K, 27% used [0x00000000e6580000,0x00000000e67b8020,0x00000000e6d80000)
  to   space 8704K, 0% used [0x00000000f0680000,0x00000000f0680000,0x00000000f0f00000)
 ParOldGen       total 86016K, used 5270K [0x0000000083600000, 0x0000000088a00000, 0x00000000d6780000)
  object space 86016K, 6% used [0x0000000083600000,0x0000000083b25a30,0x0000000088a00000)
 Metaspace       used 20872K, capacity 21406K, committed 21628K, reserved 1069056K
  class space    used 2615K, capacity 2763K, committed 2816K, reserved 1048576K
Event: 4.223 GC heap after
Heap after GC invocations=10 (full 1):
 PSYoungGen      total 268288K, used 0K [0x00000000d6780000, 0x00000000f0f00000, 0x0000000100000000)
  eden space 260096K, 0% used [0x00000000d6780000,0x00000000d6780000,0x00000000e6580000)
  from space 8192K, 0% used [0x00000000e6580000,0x00000000e6580000,0x00000000e6d80000)
  to   space 8704K, 0% used [0x00000000f0680000,0x00000000f0680000,0x00000000f0f00000)
 ParOldGen       total 46080K, used 6117K [0x0000000083600000, 0x0000000086300000, 0x00000000d6780000)
  object space 46080K, 13% used [0x0000000083600000,0x0000000083bf95f0,0x0000000086300000)
 Metaspace       used 20872K, capacity 21406K, committed 21628K, reserved 1069056K
  class space    used 2615K, capacity 2763K, committed 2816K, reserved 1048576K
}
Event: 5.676 GC heap before
{Heap before GC invocations=11 (full 1):
 PSYoungGen      total 268288K, used 260096K [0x00000000d6780000, 0x00000000f0f00000, 0x0000000100000000)
  eden space 260096K, 100% used [0x00000000d6780000,0x00000000e6580000,0x00000000e6580000)
  from space 8192K, 0% used [0x00000000e6580000,0x00000000e6580000,0x00000000e6d80000)
  to   space 8704K, 0% used [0x00000000f0680000,0x00000000f0680000,0x00000000f0f00000)
 ParOldGen       total 46080K, used 6117K [0x0000000083600000, 0x0000000086300000, 0x00000000d6780000)
  object space 46080K, 13% used [0x0000000083600000,0x0000000083bf95f0,0x0000000086300000)
 Metaspace       used 24607K, capacity 25402K, committed 25728K, reserved 1071104K
  class space    used 3170K, capacity 3361K, committed 3456K, reserved 1048576K
Event: 5.704 GC heap after
Heap after GC invocations=11 (full 1):
 PSYoungGen      total 397824K, used 8672K [0x00000000d6780000, 0x00000000f0f00000, 0x0000000100000000)
  eden space 389120K, 0% used [0x00000000d6780000,0x00000000d6780000,0x00000000ee380000)
  from space 8704K, 99% used [0x00000000f0680000,0x00000000f0ef8030,0x00000000f0f00000)
  to   space 10240K, 0% used [0x00000000efb00000,0x00000000efb00000,0x00000000f0500000)
 ParOldGen       total 46080K, used 7069K [0x0000000083600000, 0x0000000086300000, 0x00000000d6780000)
  object space 46080K, 15% used [0x0000000083600000,0x0000000083ce74b8,0x0000000086300000)
 Metaspace       used 24607K, capacity 25402K, committed 25728K, reserved 1071104K
  class space    used 3170K, capacity 3361K, committed 3456K, reserved 1048576K
}
Event: 7.812 GC heap before
{Heap before GC invocations=12 (full 1):
 PSYoungGen      total 397824K, used 397792K [0x00000000d6780000, 0x00000000f0f00000, 0x0000000100000000)
  eden space 389120K, 100% used [0x00000000d6780000,0x00000000ee380000,0x00000000ee380000)
  from space 8704K, 99% used [0x00000000f0680000,0x00000000f0ef8030,0x00000000f0f00000)
  to   space 10240K, 0% used [0x00000000efb00000,0x00000000efb00000,0x00000000f0500000)
 ParOldGen       total 46080K, used 7069K [0x0000000083600000, 0x0000000086300000, 0x00000000d6780000)
  object space 46080K, 15% used [0x0000000083600000,0x0000000083ce74b8,0x0000000086300000)
 Metaspace       used 28557K, capacity 29624K, committed 29824K, reserved 1075200K
  class space    used 3663K, capacity 3906K, committed 3968K, reserved 1048576K

