# JRE version: OpenJDK Runtime Environment (8.0_312-b07) (build 1.8.0_312-8u312-b07-0ubuntu1~18.04-b07)
# Java VM: OpenJDK 64-Bit Server VM (25.312-b07 mixed mode linux-amd64 compressed oops)
Heap:
 PSYoungGen      total 136192K, used 2432K [0x00000000d6780000, 0x00000000df180000, 0x0000000100000000)
  eden space 131072K, 0% used [0x00000000d6780000,0x00000000d6780000,0x00000000de780000)
  from space 5120K, 47% used [0x00000000de780000,0x00000000de9e0000,0x00000000dec80000)
  to   space 5120K, 0% used [0x00000000dec80000,0x00000000dec80000,0x00000000df180000)
 ParOldGen       total 86016K, used 2406K [0x0000000083600000, 0x0000000088a00000, 0x00000000d6780000)
  object space 86016K, 2% used [0x0000000083600000,0x0000000083859800,0x0000000088a00000)
 Metaspace       used 10886K, capacity 11202K, committed 11392K, reserved 1058816K
  class space    used 1220K, capacity 1327K, committed 1408K, reserved 1048576K
GC Heap History (10 events):
Event: 0.605 GC heap after
Heap after GC invocations=2 (full 0):
 PSYoungGen      total 37888K, used 3699K [0x00000000d6780000, 0x00000000db180000, 0x0000000100000000)
  eden space 32768K, 0% used [0x00000000d6780000,0x00000000d6780000,0x00000000d8780000)
  from space 5120K, 72% used [0x00000000d8c80000,0x00000000d901cc48,0x00000000d9180000)
  to   space 5120K, 0% used [0x00000000d8780000,0x00000000d8780000,0x00000000d8c80000)
 ParOldGen       total 86016K, used 16K [0x0000000083600000, 0x0000000088a00000, 0x00000000d6780000)
  object space 86016K, 0% used [0x0000000083600000,0x0000000083604000,0x0000000088a00000)
 Metaspace       used 6970K, capacity 7226K, committed 7552K, reserved 1056768K
  class space    used 725K, capacity 815K, committed 896K, reserved 1048576K
}
Event: 0.734 GC heap before
{Heap before GC invocations=3 (full 0):
 PSYoungGen      total 37888K, used 36467K [0x00000000d6780000, 0x00000000db180000, 0x0000000100000000)
  eden space 32768K, 100% used [0x00000000d6780000,0x00000000d8780000,0x00000000d8780000)
  from space 5120K, 72% used [0x00000000d8c80000,0x00000000d901cc48,0x00000000d9180000)
  to   space 5120K, 0% used [0x00000000d8780000,0x00000000d8780000,0x00000000d8c80000)
 ParOldGen       total 86016K, used 16K [0x0000000083600000, 0x0000000088a00000, 0x00000000d6780000)
  object space 86016K, 0% used [0x0000000083600000,0x0000000083604000,0x0000000088a00000)
 Metaspace       used 7883K, capacity 8150K, committed 8448K, reserved 1056768K
  class space    used 843K, capacity 953K, committed 1024K, reserved 1048576K
Event: 0.740 GC heap after
Heap after GC invocations=3 (full 0):
 PSYoungGen      total 37888K, used 3875K [0x00000000d6780000, 0x00000000db180000, 0x0000000100000000)
  eden space 32768K, 0% used [0x00000000d6780000,0x00000000d6780000,0x00000000d8780000)
  from space 5120K, 75% used [0x00000000d8780000,0x00000000d8b48c38,0x00000000d8c80000)
  to   space 5120K, 0% used [0x00000000dac80000,0x00000000dac80000,0x00000000db180000)
 ParOldGen       total 86016K, used 24K [0x0000000083600000, 0x0000000088a00000, 0x00000000d6780000)
  object space 86016K, 0% used [0x0000000083600000,0x0000000083606000,0x0000000088a00000)
 Metaspace       used 7883K, capacity 8150K, committed 8448K, reserved 1056768K
  class space    used 843K, capacity 953K, committed 1024K, reserved 1048576K
}
Event: 0.856 GC heap before
{Heap before GC invocations=4 (full 0):
 PSYoungGen      total 37888K, used 36643K [0x00000000d6780000, 0x00000000db180000, 0x0000000100000000)
  eden space 32768K, 100% used [0x00000000d6780000,0x00000000d8780000,0x00000000d8780000)
  from space 5120K, 75% used [0x00000000d8780000,0x00000000d8b48c38,0x00000000d8c80000)
  to   space 5120K, 0% used [0x00000000dac80000,0x00000000dac80000,0x00000000db180000)
 ParOldGen       total 86016K, used 24K [0x0000000083600000, 0x0000000088a00000, 0x00000000d6780000)
  object space 86016K, 0% used [0x0000000083600000,0x0000000083606000,0x0000000088a00000)
 Metaspace       used 8787K, capacity 9010K, committed 9344K, reserved 1056768K
  class space    used 968K, capacity 1065K, committed 1152K, reserved 1048576K
Event: 0.862 GC heap after
Heap after GC invocations=4 (full 0):
 PSYoungGen      total 70656K, used 4078K [0x00000000d6780000, 0x00000000db180000, 0x0000000100000000)
  eden space 65536K, 0% used [0x00000000d6780000,0x00000000d6780000,0x00000000da780000)
  from space 5120K, 79% used [0x00000000dac80000,0x00000000db07bba0,0x00000000db180000)
  to   space 5120K, 0% used [0x00000000da780000,0x00000000da780000,0x00000000dac80000)
 ParOldGen       total 86016K, used 32K [0x0000000083600000, 0x0000000088a00000, 0x00000000d6780000)
  object space 86016K, 0% used [0x0000000083600000,0x0000000083608000,0x0000000088a00000)
 Metaspace       used 8787K, capacity 9010K, committed 9344K, reserved 1056768K
  class space    used 968K, capacity 1065K, committed 1152K, reserved 1048576K
}
Event: 0.980 GC heap before
{Heap before GC invocations=5 (full 0):
 PSYoungGen      total 70656K, used 69552K [0x00000000d6780000, 0x00000000db180000, 0x0000000100000000)
  eden space 65536K, 99% used [0x00000000d6780000,0x00000000da770740,0x00000000da780000)
  from space 5120K, 79% used [0x00000000dac80000,0x00000000db07bba0,0x00000000db180000)
  to   space 5120K, 0% used [0x00000000da780000,0x00000000da780000,0x00000000dac80000)
 ParOldGen       total 86016K, used 32K [0x0000000083600000, 0x0000000088a00000, 0x00000000d6780000)
  object space 86016K, 0% used [0x0000000083600000,0x0000000083608000,0x0000000088a00000)
 Metaspace       used 9555K, capacity 9818K, committed 9984K, reserved 1058816K
  class space    used 1073K, capacity 1163K, committed 1280K, reserved 1048576K
Event: 1.013 GC heap after
Heap after GC invocations=5 (full 0):
 PSYoungGen      total 70656K, used 4833K [0x00000000d6780000, 0x00000000df180000, 0x0000000100000000)
  eden space 65536K, 0% used [0x00000000d6780000,0x00000000d6780000,0x00000000da780000)
  from space 5120K, 94% used [0x00000000da780000,0x00000000dac387e8,0x00000000dac80000)
  to   space 5120K, 0% used [0x00000000dec80000,0x00000000dec80000,0x00000000df180000)
 ParOldGen       total 86016K, used 40K [0x0000000083600000, 0x0000000088a00000, 0x00000000d6780000)
  object space 86016K, 0% used [0x0000000083600000,0x000000008360a000,0x0000000088a00000)
 Metaspace       used 9555K, capacity 9818K, committed 9984K, reserved 1058816K
  class space    used 1073K, capacity 1163K, committed 1280K, reserved 1048576K
}
Event: 1.089 GC heap before
{Heap before GC invocations=6 (full 0):
 PSYoungGen      total 70656K, used 70369K [0x00000000d6780000, 0x00000000df180000, 0x0000000100000000)
  eden space 65536K, 100% used [0x00000000d6780000,0x00000000da780000,0x00000000da780000)
  from space 5120K, 94% used [0x00000000da780000,0x00000000dac387e8,0x00000000dac80000)
  to   space 5120K, 0% used [0x00000000dec80000,0x00000000dec80000,0x00000000df180000)
 ParOldGen       total 86016K, used 40K [0x0000000083600000, 0x0000000088a00000, 0x00000000d6780000)
  object space 86016K, 0% used [0x0000000083600000,0x000000008360a000,0x0000000088a00000)
 Metaspace       used 9947K, capacity 10210K, committed 10496K, reserved 1058816K
  class space    used 1121K, capacity 1231K, committed 1280K, reserved 1048576K
Event: 1.093 GC heap after
Heap after GC invocations=6 (full 0):
 PSYoungGen      total 136192K, used 3895K [0x00000000d6780000, 0x00000000df180000, 0x0000000100000000)
  eden space 131072K, 0% used [0x00000000d6780000,0x00000000d6780000,0x00000000de780000)
  from space 5120K, 76% used [0x00000000dec80000,0x00000000df04df30,0x00000000df180000)
  to   space 5120K, 0% used [0x00000000de780000,0x00000000de780000,0x00000000dec80000)
 ParOldGen       total 86016K, used 48K [0x0000000083600000, 0x0000000088a00000, 0x00000000d6780000)
  object space 86016K, 0% used [0x0000000083600000,0x000000008360c000,0x0000000088a00000)
 Metaspace       used 9947K, capacity 10210K, committed 10496K, reserved 1058816K
  class space    used 1121K, capacity 1231K, committed 1280K, reserved 1048576K
}
Event: 1.269 GC heap before
{Heap before GC invocations=7 (full 0):
 PSYoungGen      total 136192K, used 134967K [0x00000000d6780000, 0x00000000df180000, 0x0000000100000000)
  eden space 131072K, 100% used [0x00000000d6780000,0x00000000de780000,0x00000000de780000)
  from space 5120K, 76% used [0x00000000dec80000,0x00000000df04df30,0x00000000df180000)
  to   space 5120K, 0% used [0x00000000de780000,0x00000000de780000,0x00000000dec80000)
 ParOldGen       total 86016K, used 48K [0x0000000083600000, 0x0000000088a00000, 0x00000000d6780000)
  object space 86016K, 0% used [0x0000000083600000,0x000000008360c000,0x0000000088a00000)
 Metaspace       used 10886K, capacity 11202K, committed 11392K, reserved 1058816K
  class space    used 1220K, capacity 1327K, committed 1408K, reserved 1048576K

