# JRE version: OpenJDK Runtime Environment (8.0_312-b07) (build 1.8.0_312-8u312-b07-0ubuntu1~18.04-b07)
# Java VM: OpenJDK 64-Bit Server VM (25.312-b07 mixed mode linux-amd64 compressed oops)
Heap:
 PSYoungGen      total 267264K, used 5613K [0x00000000d6780000, 0x00000000e7280000, 0x0000000100000000)
  eden space 261632K, 0% used [0x00000000d6780000,0x00000000d6780000,0x00000000e6700000)
  from space 5632K, 99% used [0x00000000e6700000,0x00000000e6c7b5f8,0x00000000e6c80000)
  to   space 5120K, 0% used [0x00000000e6c80000,0x00000000e6c80000,0x00000000e7180000)
 ParOldGen       total 86016K, used 6552K [0x0000000083600000, 0x0000000088a00000, 0x00000000d6780000)
  object space 86016K, 7% used [0x0000000083600000,0x0000000083c663c8,0x0000000088a00000)
 Metaspace       used 20457K, capacity 21014K, committed 21248K, reserved 1067008K
  class space    used 2540K, capacity 2697K, committed 2816K, reserved 1048576K
GC Heap History (10 events):
Event: 1.045 GC heap after
Heap after GC invocations=4 (full 0):
 PSYoungGen      total 70656K, used 4174K [0x00000000d6780000, 0x00000000db180000, 0x0000000100000000)
  eden space 65536K, 0% used [0x00000000d6780000,0x00000000d6780000,0x00000000da780000)
  from space 5120K, 81% used [0x00000000dac80000,0x00000000db093ba0,0x00000000db180000)
  to   space 5120K, 0% used [0x00000000da780000,0x00000000da780000,0x00000000dac80000)
 ParOldGen       total 86016K, used 32K [0x0000000083600000, 0x0000000088a00000, 0x00000000d6780000)
  object space 86016K, 0% used [0x0000000083600000,0x0000000083608000,0x0000000088a00000)
 Metaspace       used 8855K, capacity 9178K, committed 9344K, reserved 1056768K
  class space    used 980K, capacity 1097K, committed 1152K, reserved 1048576K
}
Event: 1.143 GC heap before
{Heap before GC invocations=5 (full 0):
 PSYoungGen      total 70656K, used 69669K [0x00000000d6780000, 0x00000000db180000, 0x0000000100000000)
  eden space 65536K, 99% used [0x00000000d6780000,0x00000000da7758d0,0x00000000da780000)
  from space 5120K, 81% used [0x00000000dac80000,0x00000000db093ba0,0x00000000db180000)
  to   space 5120K, 0% used [0x00000000da780000,0x00000000da780000,0x00000000dac80000)
 ParOldGen       total 86016K, used 32K [0x0000000083600000, 0x0000000088a00000, 0x00000000d6780000)
  object space 86016K, 0% used [0x0000000083600000,0x0000000083608000,0x0000000088a00000)
 Metaspace       used 9405K, capacity 9692K, committed 9984K, reserved 1058816K
  class space    used 1057K, capacity 1162K, committed 1280K, reserved 1048576K
Event: 1.161 GC heap after
Heap after GC invocations=5 (full 0):
 PSYoungGen      total 70656K, used 4375K [0x00000000d6780000, 0x00000000df180000, 0x0000000100000000)
  eden space 65536K, 0% used [0x00000000d6780000,0x00000000d6780000,0x00000000da780000)
  from space 5120K, 85% used [0x00000000da780000,0x00000000dabc5db0,0x00000000dac80000)
  to   space 5120K, 0% used [0x00000000dec80000,0x00000000dec80000,0x00000000df180000)
 ParOldGen       total 86016K, used 40K [0x0000000083600000, 0x0000000088a00000, 0x00000000d6780000)
  object space 86016K, 0% used [0x0000000083600000,0x000000008360a000,0x0000000088a00000)
 Metaspace       used 9405K, capacity 9692K, committed 9984K, reserved 1058816K
  class space    used 1057K, capacity 1162K, committed 1280K, reserved 1048576K
}
Event: 1.236 GC heap before
{Heap before GC invocations=6 (full 0):
 PSYoungGen      total 70656K, used 69911K [0x00000000d6780000, 0x00000000df180000, 0x0000000100000000)
  eden space 65536K, 100% used [0x00000000d6780000,0x00000000da780000,0x00000000da780000)
  from space 5120K, 85% used [0x00000000da780000,0x00000000dabc5db0,0x00000000dac80000)
  to   space 5120K, 0% used [0x00000000dec80000,0x00000000dec80000,0x00000000df180000)
 ParOldGen       total 86016K, used 40K [0x0000000083600000, 0x0000000088a00000, 0x00000000d6780000)
  object space 86016K, 0% used [0x0000000083600000,0x000000008360a000,0x0000000088a00000)
 Metaspace       used 9655K, capacity 9922K, committed 10240K, reserved 1058816K
  class space    used 1083K, capacity 1195K, committed 1280K, reserved 1048576K
Event: 1.249 GC heap after
Heap after GC invocations=6 (full 0):
 PSYoungGen      total 136192K, used 4418K [0x00000000d6780000, 0x00000000df180000, 0x0000000100000000)
  eden space 131072K, 0% used [0x00000000d6780000,0x00000000d6780000,0x00000000de780000)
  from space 5120K, 86% used [0x00000000dec80000,0x00000000df0d0940,0x00000000df180000)
  to   space 5120K, 0% used [0x00000000de780000,0x00000000de780000,0x00000000dec80000)
 ParOldGen       total 86016K, used 40K [0x0000000083600000, 0x0000000088a00000, 0x00000000d6780000)
  object space 86016K, 0% used [0x0000000083600000,0x000000008360a000,0x0000000088a00000)
 Metaspace       used 9655K, capacity 9922K, committed 10240K, reserved 1058816K
  class space    used 1083K, capacity 1195K, committed 1280K, reserved 1048576K
}
Event: 1.432 GC heap before
{Heap before GC invocations=7 (full 0):
 PSYoungGen      total 136192K, used 135490K [0x00000000d6780000, 0x00000000df180000, 0x0000000100000000)
  eden space 131072K, 100% used [0x00000000d6780000,0x00000000de780000,0x00000000de780000)
  from space 5120K, 86% used [0x00000000dec80000,0x00000000df0d0940,0x00000000df180000)
  to   space 5120K, 0% used [0x00000000de780000,0x00000000de780000,0x00000000dec80000)
 ParOldGen       total 86016K, used 40K [0x0000000083600000, 0x0000000088a00000, 0x00000000d6780000)
  object space 86016K, 0% used [0x0000000083600000,0x000000008360a000,0x0000000088a00000)
 Metaspace       used 11396K, capacity 11692K, committed 11904K, reserved 1060864K
  class space    used 1297K, capacity 1400K, committed 1408K, reserved 1048576K
Event: 1.449 GC heap after
Heap after GC invocations=7 (full 0):
 PSYoungGen      total 136192K, used 2656K [0x00000000d6780000, 0x00000000e7180000, 0x0000000100000000)
  eden space 131072K, 0% used [0x00000000d6780000,0x00000000d6780000,0x00000000de780000)
  from space 5120K, 51% used [0x00000000de780000,0x00000000dea18000,0x00000000dec80000)
  to   space 5120K, 0% used [0x00000000e6c80000,0x00000000e6c80000,0x00000000e7180000)
 ParOldGen       total 86016K, used 2389K [0x0000000083600000, 0x0000000088a00000, 0x00000000d6780000)
  object space 86016K, 2% used [0x0000000083600000,0x00000000838554f0,0x0000000088a00000)
 Metaspace       used 11396K, capacity 11692K, committed 11904K, reserved 1060864K
  class space    used 1297K, capacity 1400K, committed 1408K, reserved 1048576K
}
Event: 1.838 GC heap before
{Heap before GC invocations=8 (full 0):
 PSYoungGen      total 136192K, used 133728K [0x00000000d6780000, 0x00000000e7180000, 0x0000000100000000)
  eden space 131072K, 100% used [0x00000000d6780000,0x00000000de780000,0x00000000de780000)
  from space 5120K, 51% used [0x00000000de780000,0x00000000dea18000,0x00000000dec80000)
  to   space 5120K, 0% used [0x00000000e6c80000,0x00000000e6c80000,0x00000000e7180000)
 ParOldGen       total 86016K, used 2389K [0x0000000083600000, 0x0000000088a00000, 0x00000000d6780000)
  object space 86016K, 2% used [0x0000000083600000,0x00000000838554f0,0x0000000088a00000)
 Metaspace       used 14215K, capacity 14690K, committed 14848K, reserved 1062912K
  class space    used 1768K, capacity 1925K, committed 2048K, reserved 1048576K
Event: 1.848 GC heap after
Heap after GC invocations=8 (full 0):
 PSYoungGen      total 266752K, used 5025K [0x00000000d6780000, 0x00000000e7280000, 0x0000000100000000)
  eden space 261632K, 0% used [0x00000000d6780000,0x00000000d6780000,0x00000000e6700000)
  from space 5120K, 98% used [0x00000000e6c80000,0x00000000e7168490,0x00000000e7180000)
  to   space 5632K, 0% used [0x00000000e6700000,0x00000000e6700000,0x00000000e6c80000)
 ParOldGen       total 86016K, used 2845K [0x0000000083600000, 0x0000000088a00000, 0x00000000d6780000)
  object space 86016K, 3% used [0x0000000083600000,0x00000000838c74f0,0x0000000088a00000)
 Metaspace       used 14215K, capacity 14690K, committed 14848K, reserved 1062912K
  class space    used 1768K, capacity 1925K, committed 2048K, reserved 1048576K
}
Event: 2.517 GC heap before
{Heap before GC invocations=9 (full 0):
 PSYoungGen      total 266752K, used 201405K [0x00000000d6780000, 0x00000000e7280000, 0x0000000100000000)
  eden space 261632K, 75% used [0x00000000d6780000,0x00000000e2746f80,0x00000000e6700000)
  from space 5120K, 98% used [0x00000000e6c80000,0x00000000e7168490,0x00000000e7180000)
  to   space 5632K, 0% used [0x00000000e6700000,0x00000000e6700000,0x00000000e6c80000)
 ParOldGen       total 86016K, used 2845K [0x0000000083600000, 0x0000000088a00000, 0x00000000d6780000)
  object space 86016K, 3% used [0x0000000083600000,0x00000000838c74f0,0x0000000088a00000)
 Metaspace       used 20457K, capacity 21014K, committed 21248K, reserved 1067008K
  class space    used 2540K, capacity 2697K, committed 2816K, reserved 1048576K

