# JRE version: OpenJDK Runtime Environment (8.0_352-b08) (build 1.8.0_352-8u352-ga-1~18.04-b08)
# Java VM: OpenJDK 64-Bit Server VM (25.352-b08 mixed mode linux-amd64 compressed oops)
Heap:
 PSYoungGen      total 459264K, used 11757K [0x00000000d6780000, 0x00000000f7780000, 0x0000000100000000)
  eden space 447488K, 0% used [0x00000000d6780000,0x00000000d6780000,0x00000000f1c80000)
  from space 11776K, 99% used [0x00000000f6080000,0x00000000f6bfb790,0x00000000f6c00000)
  to   space 9728K, 0% used [0x00000000f6e00000,0x00000000f6e00000,0x00000000f7780000)
 ParOldGen       total 52224K, used 34540K [0x0000000083600000, 0x0000000086900000, 0x00000000d6780000)
  object space 52224K, 66% used [0x0000000083600000,0x00000000857bb0c8,0x0000000086900000)
 Metaspace       used 29477K, capacity 30668K, committed 30720K, reserved 1075200K
  class space    used 3807K, capacity 4064K, committed 4096K, reserved 1048576K
GC Heap History (10 events):
Event: 5.260 GC heap after
Heap after GC invocations=5 (full 0):
 PSYoungGen      total 136192K, used 5118K [0x00000000d6780000, 0x00000000e7880000, 0x0000000100000000)
  eden space 131072K, 0% used [0x00000000d6780000,0x00000000d6780000,0x00000000de780000)
  from space 5120K, 99% used [0x00000000de780000,0x00000000dec7fbb0,0x00000000dec80000)
  to   space 8704K, 0% used [0x00000000e7000000,0x00000000e7000000,0x00000000e7880000)
 ParOldGen       total 86016K, used 4400K [0x0000000083600000, 0x0000000088a00000, 0x00000000d6780000)
  object space 86016K, 5% used [0x0000000083600000,0x0000000083a4c068,0x0000000088a00000)
 Metaspace       used 14204K, capacity 14650K, committed 14720K, reserved 1062912K
  class space    used 1760K, capacity 1893K, committed 1920K, reserved 1048576K
}
Event: 6.541 GC heap before
{Heap before GC invocations=6 (full 0):
 PSYoungGen      total 136192K, used 136190K [0x00000000d6780000, 0x00000000e7880000, 0x0000000100000000)
  eden space 131072K, 100% used [0x00000000d6780000,0x00000000de780000,0x00000000de780000)
  from space 5120K, 99% used [0x00000000de780000,0x00000000dec7fbb0,0x00000000dec80000)
  to   space 8704K, 0% used [0x00000000e7000000,0x00000000e7000000,0x00000000e7880000)
 ParOldGen       total 86016K, used 4400K [0x0000000083600000, 0x0000000088a00000, 0x00000000d6780000)
  object space 86016K, 5% used [0x0000000083600000,0x0000000083a4c068,0x0000000088a00000)
 Metaspace       used 17535K, capacity 18042K, committed 18304K, reserved 1064960K
  class space    used 2212K, capacity 2375K, committed 2432K, reserved 1048576K
Event: 6.611 GC heap after
Heap after GC invocations=6 (full 0):
 PSYoungGen      total 268800K, used 8691K [0x00000000d6780000, 0x00000000e7c80000, 0x0000000100000000)
  eden space 260096K, 0% used [0x00000000d6780000,0x00000000d6780000,0x00000000e6580000)
  from space 8704K, 99% used [0x00000000e7000000,0x00000000e787cc68,0x00000000e7880000)
  to   space 10752K, 0% used [0x00000000e6580000,0x00000000e6580000,0x00000000e7000000)
 ParOldGen       total 86016K, used 5940K [0x0000000083600000, 0x0000000088a00000, 0x00000000d6780000)
  object space 86016K, 6% used [0x0000000083600000,0x0000000083bcd190,0x0000000088a00000)
 Metaspace       used 17535K, capacity 18042K, committed 18304K, reserved 1064960K
  class space    used 2212K, capacity 2375K, committed 2432K, reserved 1048576K
}
Event: 7.784 GC heap before
{Heap before GC invocations=7 (full 0):
 PSYoungGen      total 268800K, used 69562K [0x00000000d6780000, 0x00000000e7c80000, 0x0000000100000000)
  eden space 260096K, 23% used [0x00000000d6780000,0x00000000da2f1db8,0x00000000e6580000)
  from space 8704K, 99% used [0x00000000e7000000,0x00000000e787cc68,0x00000000e7880000)
  to   space 10752K, 0% used [0x00000000e6580000,0x00000000e6580000,0x00000000e7000000)
 ParOldGen       total 86016K, used 5940K [0x0000000083600000, 0x0000000088a00000, 0x00000000d6780000)
  object space 86016K, 6% used [0x0000000083600000,0x0000000083bcd190,0x0000000088a00000)
 Metaspace       used 20483K, capacity 21016K, committed 21248K, reserved 1067008K
  class space    used 2556K, capacity 2700K, committed 2816K, reserved 1048576K
Event: 7.801 GC heap after
Heap after GC invocations=7 (full 0):
 PSYoungGen      total 270848K, used 4960K [0x00000000d6780000, 0x00000000f7880000, 0x0000000100000000)
  eden space 260096K, 0% used [0x00000000d6780000,0x00000000d6780000,0x00000000e6580000)
  from space 10752K, 46% used [0x00000000e6580000,0x00000000e6a58000,0x00000000e7000000)
  to   space 10752K, 0% used [0x00000000f6e00000,0x00000000f6e00000,0x00000000f7880000)
 ParOldGen       total 86016K, used 8377K [0x0000000083600000, 0x0000000088a00000, 0x00000000d6780000)
  object space 86016K, 9% used [0x0000000083600000,0x0000000083e2e710,0x0000000088a00000)
 Metaspace       used 20483K, capacity 21016K, committed 21248K, reserved 1067008K
  class space    used 2556K, capacity 2700K, committed 2816K, reserved 1048576K
}
Event: 7.801 GC heap before
{Heap before GC invocations=8 (full 1):
 PSYoungGen      total 270848K, used 4960K [0x00000000d6780000, 0x00000000f7880000, 0x0000000100000000)
  eden space 260096K, 0% used [0x00000000d6780000,0x00000000d6780000,0x00000000e6580000)
  from space 10752K, 46% used [0x00000000e6580000,0x00000000e6a58000,0x00000000e7000000)
  to   space 10752K, 0% used [0x00000000f6e00000,0x00000000f6e00000,0x00000000f7880000)
 ParOldGen       total 86016K, used 8377K [0x0000000083600000, 0x0000000088a00000, 0x00000000d6780000)
  object space 86016K, 9% used [0x0000000083600000,0x0000000083e2e710,0x0000000088a00000)
 Metaspace       used 20483K, capacity 21016K, committed 21248K, reserved 1067008K
  class space    used 2556K, capacity 2700K, committed 2816K, reserved 1048576K
Event: 7.877 GC heap after
Heap after GC invocations=8 (full 1):
 PSYoungGen      total 270848K, used 0K [0x00000000d6780000, 0x00000000f7880000, 0x0000000100000000)
  eden space 260096K, 0% used [0x00000000d6780000,0x00000000d6780000,0x00000000e6580000)
  from space 10752K, 0% used [0x00000000e6580000,0x00000000e6580000,0x00000000e7000000)
  to   space 10752K, 0% used [0x00000000f6e00000,0x00000000f6e00000,0x00000000f7880000)
 ParOldGen       total 52224K, used 7213K [0x0000000083600000, 0x0000000086900000, 0x00000000d6780000)
  object space 52224K, 13% used [0x0000000083600000,0x0000000083d0b448,0x0000000086900000)
 Metaspace       used 20483K, capacity 21016K, committed 21248K, reserved 1067008K
  class space    used 2556K, capacity 2700K, committed 2816K, reserved 1048576K
}
Event: 11.534 GC heap before
{Heap before GC invocations=9 (full 1):
 PSYoungGen      total 270848K, used 260096K [0x00000000d6780000, 0x00000000f7880000, 0x0000000100000000)
  eden space 260096K, 100% used [0x00000000d6780000,0x00000000e6580000,0x00000000e6580000)
  from space 10752K, 0% used [0x00000000e6580000,0x00000000e6580000,0x00000000e7000000)
  to   space 10752K, 0% used [0x00000000f6e00000,0x00000000f6e00000,0x00000000f7880000)
 ParOldGen       total 52224K, used 7213K [0x0000000083600000, 0x0000000086900000, 0x00000000d6780000)
  object space 52224K, 13% used [0x0000000083600000,0x0000000083d0b448,0x0000000086900000)
 Metaspace       used 24542K, capacity 25330K, committed 25472K, reserved 1071104K
  class space    used 3171K, capacity 3361K, committed 3456K, reserved 1048576K
Event: 11.593 GC heap after
Heap after GC invocations=9 (full 1):
 PSYoungGen      total 457216K, used 9355K [0x00000000d6780000, 0x00000000f7780000, 0x0000000100000000)
  eden space 447488K, 0% used [0x00000000d6780000,0x00000000d6780000,0x00000000f1c80000)
  from space 9728K, 96% used [0x00000000f6e00000,0x00000000f7722f08,0x00000000f7780000)
  to   space 11776K, 0% used [0x00000000f6080000,0x00000000f6080000,0x00000000f6c00000)
 ParOldGen       total 52224K, used 7221K [0x0000000083600000, 0x0000000086900000, 0x00000000d6780000)
  object space 52224K, 13% used [0x0000000083600000,0x0000000083d0d448,0x0000000086900000)
 Metaspace       used 24542K, capacity 25330K, committed 25472K, reserved 1071104K
  class space    used 3171K, capacity 3361K, committed 3456K, reserved 1048576K
}
Event: 16.300 GC heap before
{Heap before GC invocations=10 (full 1):
 PSYoungGen      total 457216K, used 456843K [0x00000000d6780000, 0x00000000f7780000, 0x0000000100000000)
  eden space 447488K, 100% used [0x00000000d6780000,0x00000000f1c80000,0x00000000f1c80000)
  from space 9728K, 96% used [0x00000000f6e00000,0x00000000f7722f08,0x00000000f7780000)
  to   space 11776K, 0% used [0x00000000f6080000,0x00000000f6080000,0x00000000f6c00000)
 ParOldGen       total 52224K, used 7221K [0x0000000083600000, 0x0000000086900000, 0x00000000d6780000)
  object space 52224K, 13% used [0x0000000083600000,0x0000000083d0d448,0x0000000086900000)
 Metaspace       used 29477K, capacity 30668K, committed 30720K, reserved 1075200K
  class space    used 3807K, capacity 4064K, committed 4096K, reserved 1048576K

